Build started 4/28/2018 11:01:46 PM.
     1>Project "C:\Users\Anik_Islam0\Documents\Visual Studio 2013\Projects\Stack.Queue_Offline\Stack.Queue_Offline\Stack.Queue_Offline.vcxproj" on node 2 (Build target(s)).
     1>ClCompile:
         D:\Local Disk C\Microsoft Visual Studio 12.0\VC\bin\CL.exe /c /ZI /nologo /W3 /WX- /sdl /Od /Oy- /D _MBCS /Gm /EHsc /RTC1 /MDd /GS /fp:precise /Zc:wchar_t /Zc:forScope /Fo"Debug\\" /Fd"Debug\vc120.pdb" /Gd /TP /analyze- /errorReport:prompt "Queue using array.cpp" "Queue using structure.cpp" Source.cpp "Stack using array.cpp" "Stack using Structure.cpp"
         Stack using Structure.cpp
         Source.cpp
     1>c:\users\anik_islam0\documents\visual studio 2013\projects\stack.queue_offline\stack.queue_offline\source.cpp(33): warning C4553: '==' : operator has no effect; did you intend '='?
     1>c:\users\anik_islam0\documents\visual studio 2013\projects\stack.queue_offline\stack.queue_offline\source.cpp(34): warning C4553: '==' : operator has no effect; did you intend '='?
         Queue using structure.cpp
         Generating Code...
         Skipping... (no relevant changes detected)
         Stack using array.cpp
         Queue using array.cpp
       Link:
         D:\Local Disk C\Microsoft Visual Studio 12.0\VC\bin\link.exe /ERRORREPORT:PROMPT /OUT:"C:\Users\Anik_Islam0\Documents\Visual Studio 2013\Projects\Stack.Queue_Offline\Debug\Stack.Queue_Offline.exe" /INCREMENTAL /NOLOGO kernel32.lib user32.lib gdi32.lib winspool.lib comdlg32.lib advapi32.lib shell32.lib ole32.lib oleaut32.lib uuid.lib odbc32.lib odbccp32.lib /MANIFEST /MANIFESTUAC:"level='asInvoker' uiAccess='false'" /manifest:embed /DEBUG /PDB:"C:\Users\Anik_Islam0\Documents\Visual Studio 2013\Projects\Stack.Queue_Offline\Debug\Stack.Queue_Offline.pdb" /TLBID:1 /DYNAMICBASE /NXCOMPAT /IMPLIB:"C:\Users\Anik_Islam0\Documents\Visual Studio 2013\Projects\Stack.Queue_Offline\Debug\Stack.Queue_Offline.lib" /MACHINE:X86 "Debug\Queue using array.obj"
         "Debug\Queue using structure.obj"
         Debug\Source.obj
         "Debug\Stack using array.obj"
         "Debug\Stack using Structure.obj"
         Stack.Queue_Offline.vcxproj -> C:\Users\Anik_Islam0\Documents\Visual Studio 2013\Projects\Stack.Queue_Offline\Debug\Stack.Queue_Offline.exe
     1>Done Building Project "C:\Users\Anik_Islam0\Documents\Visual Studio 2013\Projects\Stack.Queue_Offline\Stack.Queue_Offline\Stack.Queue_Offline.vcxproj" (Build target(s)).

Build succeeded.

Time Elapsed 00:00:00.84
