C:\USERS\ANIK ISLAM\DOCUMENTS\VISUAL STUDIO 2012\PROJECTS\SAMPLE\SAMPLE\DEBUG\SOURCE.CPP.NATIVECODEANALYSIS.XML
C:\USERS\ANIK ISLAM\DOCUMENTS\VISUAL STUDIO 2012\PROJECTS\SAMPLE\SAMPLE\DEBUG\SOURCE.OBJ
C:\USERS\ANIK ISLAM\DOCUMENTS\VISUAL STUDIO 2012\PROJECTS\SAMPLE\SAMPLE\DEBUG\VC110.PDB
C:\USERS\ANIK ISLAM\DOCUMENTS\VISUAL STUDIO 2012\PROJECTS\SAMPLE\DEBUG\SAMPLE.ILK
C:\USERS\ANIK ISLAM\DOCUMENTS\VISUAL STUDIO 2012\PROJECTS\SAMPLE\DEBUG\SAMPLE.EXE
C:\USERS\ANIK ISLAM\DOCUMENTS\VISUAL STUDIO 2012\PROJECTS\SAMPLE\DEBUG\SAMPLE.PDB
C:\USERS\ANIK ISLAM\DOCUMENTS\VISUAL STUDIO 2012\PROJECTS\SAMPLE\SAMPLE\DEBUG\SAMPLE.ILK
C:\USERS\ANIK ISLAM\DOCUMENTS\VISUAL STUDIO 2012\PROJECTS\SAMPLE\SAMPLE\DEBUG\SAMPLE.EXE
C:\USERS\ANIK ISLAM\DOCUMENTS\VISUAL STUDIO 2012\PROJECTS\SAMPLE\SAMPLE\DEBUG\SAMPLE.PDB
C:\Users\Anik Islam\Documents\Visual Studio 2012\Projects\Sample\Sample\Debug\Source.obj
C:\Users\Anik Islam\Documents\Visual Studio 2012\Projects\Sample\Sample\Debug\Sample.ilk
C:\Users\Anik Islam\Documents\Visual Studio 2012\Projects\Sample\Sample\Debug\cl.command.1.tlog
C:\Users\Anik Islam\Documents\Visual Studio 2012\Projects\Sample\Sample\Debug\CL.read.1.tlog
C:\Users\Anik Islam\Documents\Visual Studio 2012\Projects\Sample\Sample\Debug\CL.write.1.tlog
C:\Users\Anik Islam\Documents\Visual Studio 2012\Projects\Sample\Sample\Debug\link-cvtres.read.1.tlog
C:\Users\Anik Islam\Documents\Visual Studio 2012\Projects\Sample\Sample\Debug\link-cvtres.write.1.tlog
C:\Users\Anik Islam\Documents\Visual Studio 2012\Projects\Sample\Sample\Debug\link-rc.read.1.tlog
C:\Users\Anik Islam\Documents\Visual Studio 2012\Projects\Sample\Sample\Debug\link-rc.write.1.tlog
C:\Users\Anik Islam\Documents\Visual Studio 2012\Projects\Sample\Sample\Debug\link.command.1.tlog
C:\Users\Anik Islam\Documents\Visual Studio 2012\Projects\Sample\Sample\Debug\link.read.1.tlog
C:\Users\Anik Islam\Documents\Visual Studio 2012\Projects\Sample\Sample\Debug\link.write.1.tlog
C:\Users\Anik Islam\Documents\Visual Studio 2012\Projects\Sample\Sample\Debug\NativeCodeAnalysis.read.1.tlog
C:\Users\Anik Islam\Documents\Visual Studio 2012\Projects\Sample\Sample\Debug\vc110.idb
C:\Users\Anik Islam\Documents\Visual Studio 2012\Projects\Sample\Sample\Debug\Sample.pdb
C:\Users\Anik Islam\Documents\Visual Studio 2012\Projects\Sample\Sample\Debug\vc110.pdb
C:\Users\Anik Islam\Documents\Visual Studio 2012\Projects\Sample\Sample\Debug\Source.cpp.nativecodeanalysis.xml
C:\Users\Anik Islam\Documents\Visual Studio 2012\Projects\Sample\Sample\Debug\vc.nativecodeanalysis.all.xml
C:\Users\Anik Islam\Documents\Visual Studio 2012\Projects\Sample\Sample\Debug\Sample.exe
