Build started 3/11/2018 11:05:55 AM.
     1>Project "C:\Users\Anik_Islam0\documents\visual studio 2013\Projects\Project6\Project6\Project6.vcxproj" on node 2 (Build target(s)).
     1>ClCompile:
         D:\Local Disk C\Microsoft Visual Studio 12.0\VC\bin\CL.exe /c /ZI /nologo /W3 /WX- /sdl /Od /Oy- /D _MBCS /Gm /EHsc /RTC1 /MDd /GS /fp:precise /Zc:wchar_t /Zc:forScope /Fo"Debug\\" /Fd"Debug\vc120.pdb" /Gd /TP /analyze- /errorReport:prompt Source3.cpp
         Source3.cpp
     1>c:\users\anik_islam0\documents\visual studio 2013\projects\project6\project6\source3.cpp(38): warning C4101: 'n' : unreferenced local variable
     1>c:\users\anik_islam0\documents\visual studio 2013\projects\project6\project6\source3.cpp(38): warning C4101: 'i' : unreferenced local variable
     1>c:\users\anik_islam0\documents\visual studio 2013\projects\project6\project6\source3.cpp(38): warning C4101: 'j' : unreferenced local variable
       Link:
         D:\Local Disk C\Microsoft Visual Studio 12.0\VC\bin\link.exe /ERRORREPORT:PROMPT /OUT:"C:\Users\Anik_Islam0\documents\visual studio 2013\Projects\Project6\Debug\Project6.exe" /INCREMENTAL /NOLOGO kernel32.lib user32.lib gdi32.lib winspool.lib comdlg32.lib advapi32.lib shell32.lib ole32.lib oleaut32.lib uuid.lib odbc32.lib odbccp32.lib /MANIFEST /MANIFESTUAC:"level='asInvoker' uiAccess='false'" /manifest:embed /DEBUG /PDB:"C:\Users\Anik_Islam0\documents\visual studio 2013\Projects\Project6\Debug\Project6.pdb" /SUBSYSTEM:CONSOLE /TLBID:1 /DYNAMICBASE /NXCOMPAT /IMPLIB:"C:\Users\Anik_Islam0\documents\visual studio 2013\Projects\Project6\Debug\Project6.lib" /MACHINE:X86 "Debug\Queue with array.obj"
         Debug\Source.obj
         Debug\Source1.obj
         Debug\Source2.obj
         Debug\Source3.obj
         "Debug\Stack with array.obj"
         "Debug\Tic-Tac-Toe.obj"
         Debug\TikTakToe.obj
         Project6.vcxproj -> C:\Users\Anik_Islam0\documents\visual studio 2013\Projects\Project6\Debug\Project6.exe
     1>Done Building Project "C:\Users\Anik_Islam0\documents\visual studio 2013\Projects\Project6\Project6\Project6.vcxproj" (Build target(s)).

Build succeeded.

Time Elapsed 00:00:00.48
