Build started 1/1/2018 10:07:22 PM.
     1>Project "C:\Users\Anik_Islam0\Documents\Visual Studio 2012\Projects\Project3\Project3\Project3.vcxproj" on node 2 (Build target(s)).
     1>ClCompile:
         D:\Local Disk C\Microsoft Visual Studio 11.0\VC\bin\CL.exe /c /ZI /nologo /W3 /WX- /Od /Oy- /D _MBCS /Gm /EHsc /RTC1 /MDd /GS /fp:precise /Zc:wchar_t /Zc:forScope /Fo"Debug\\" /Fd"Debug\vc110.pdb" /Gd /TP /analyze- /errorReport:prompt Q1.cpp Q10.cpp Q2.cpp Q3.cpp Q4.cpp Q5.cpp Q6.cpp Q7.cpp Q8.cpp Q9.cpp
         Q9.cpp
         Q8.cpp
         Q7.cpp
         Q6.cpp
         Q5.cpp
         Q4.cpp
         Q3.cpp
         Q2.cpp
         Q10.cpp
         Q1.cpp
         Generating Code...
       Link:
         D:\Local Disk C\Microsoft Visual Studio 11.0\VC\bin\link.exe /ERRORREPORT:PROMPT /OUT:"C:\Users\Anik_Islam0\Documents\Visual Studio 2012\Projects\Project3\Debug\Project3.exe" /INCREMENTAL /NOLOGO kernel32.lib user32.lib gdi32.lib winspool.lib comdlg32.lib advapi32.lib shell32.lib ole32.lib oleaut32.lib uuid.lib odbc32.lib odbccp32.lib /MANIFEST /MANIFESTUAC:"level='asInvoker' uiAccess='false'" /manifest:embed /DEBUG /PDB:"C:\Users\Anik_Islam0\Documents\Visual Studio 2012\Projects\Project3\Debug\Project3.pdb" /SUBSYSTEM:CONSOLE /TLBID:1 /DYNAMICBASE /NXCOMPAT /IMPLIB:"C:\Users\Anik_Islam0\Documents\Visual Studio 2012\Projects\Project3\Debug\Project3.lib" /MACHINE:X86 Debug\Q1.obj
         Debug\Q10.obj
         Debug\Q2.obj
         Debug\Q3.obj
         Debug\Q4.obj
         Debug\Q5.obj
         Debug\Q6.obj
         Debug\Q7.obj
         Debug\Q8.obj
         Debug\Q9.obj
         Project3.vcxproj -> C:\Users\Anik_Islam0\Documents\Visual Studio 2012\Projects\Project3\Debug\Project3.exe
     1>Done Building Project "C:\Users\Anik_Islam0\Documents\Visual Studio 2012\Projects\Project3\Project3\Project3.vcxproj" (Build target(s)).

Build succeeded.

Time Elapsed 00:00:03.76
