Build started 6/5/2017 9:10:02 PM.
     1>Project "C:\Users\Anik Islam\documents\visual studio 2013\Projects\Simpl pr\Simpl pr\Simpl pr.vcxproj" on node 2 (Build target(s)).
     1>ClCompile:
         C:\Program Files (x86)\Microsoft Visual Studio 12.0\VC\bin\CL.exe /c /Zi /nologo /W3 /WX- /sdl /O2 /Oi /Oy- /GL /D _MBCS /Gm- /EHsc /MD /GS /Gy /fp:precise /Zc:wchar_t /Zc:forScope /Fo"Release\\" /Fd"Release\vc120.pdb" /Gd /TP /analyze- /errorReport:prompt Sam.cpp
         Sam.cpp
       Link:
         C:\Program Files (x86)\Microsoft Visual Studio 12.0\VC\bin\link.exe /ERRORREPORT:PROMPT /OUT:"C:\Users\Anik Islam\documents\visual studio 2013\Projects\Simpl pr\Release\Simpl pr.exe" /NOLOGO kernel32.lib user32.lib gdi32.lib winspool.lib comdlg32.lib advapi32.lib shell32.lib ole32.lib oleaut32.lib uuid.lib odbc32.lib odbccp32.lib /MANIFEST /MANIFESTUAC:"level='asInvoker' uiAccess='false'" /manifest:embed /DEBUG /PDB:"C:\Users\Anik Islam\documents\visual studio 2013\Projects\Simpl pr\Release\Simpl pr.pdb" /SUBSYSTEM:CONSOLE /OPT:REF /OPT:ICF /LTCG /TLBID:1 /DYNAMICBASE /NXCOMPAT /IMPLIB:"C:\Users\Anik Islam\documents\visual studio 2013\Projects\Simpl pr\Release\Simpl pr.lib" /MACHINE:X86 /SAFESEH "Release\Largest occurence.obj"
         Release\Sam.obj
         "Release\Series summation.obj"
         Release\So.obj
         "Release\Solving a senario base.obj"
         Release\Source.obj
         "Release\String cmp.obj"
         Release\strncat.obj
         "Release\Word count perfect output.obj"
         Generating code
         Finished generating code
         Simpl pr.vcxproj -> C:\Users\Anik Islam\documents\visual studio 2013\Projects\Simpl pr\Release\Simpl pr.exe
     1>Done Building Project "C:\Users\Anik Islam\documents\visual studio 2013\Projects\Simpl pr\Simpl pr\Simpl pr.vcxproj" (Build target(s)).

Build succeeded.

Time Elapsed 00:00:01.04
