Build started 1/18/2018 12:31:51 AM.
     1>Project "C:\Users\Anik_Islam0\documents\visual studio 2013\Projects\Project4\Project4\Project4.vcxproj" on node 2 (Build target(s)).
     1>ClCompile:
         D:\Local Disk C\Microsoft Visual Studio 12.0\VC\bin\CL.exe /c /ZI /nologo /W3 /WX- /sdl /Od /Oy- /D _CRT_SECURE_NO_WARNINGS /D _MBCS /Gm /EHsc /RTC1 /MDd /GS /fp:precise /Zc:wchar_t /Zc:forScope /Fo"Debug\\" /Fd"Debug\vc120.pdb" /Gd /TP /analyze- /errorReport:prompt "Emon-palindrome.cpp"
         Emon-palindrome.cpp
       Link:
         D:\Local Disk C\Microsoft Visual Studio 12.0\VC\bin\link.exe /ERRORREPORT:PROMPT /OUT:"C:\Users\Anik_Islam0\documents\visual studio 2013\Projects\Project4\Debug\Project4.exe" /INCREMENTAL /NOLOGO kernel32.lib user32.lib gdi32.lib winspool.lib comdlg32.lib advapi32.lib shell32.lib ole32.lib oleaut32.lib uuid.lib odbc32.lib odbccp32.lib /MANIFEST /MANIFESTUAC:"level='asInvoker' uiAccess='false'" /manifest:embed /DEBUG /PDB:"C:\Users\Anik_Islam0\documents\visual studio 2013\Projects\Project4\Debug\Project4.pdb" /SUBSYSTEM:CONSOLE /TLBID:1 /DYNAMICBASE /NXCOMPAT /IMPLIB:"C:\Users\Anik_Islam0\documents\visual studio 2013\Projects\Project4\Debug\Project4.lib" /MACHINE:X86 "Debug\Ass-kishore.obj"
         "Debug\Emon-palindrome.obj"
         Debug\Recursion_ct.obj
         Debug\Source.obj
         Debug\Source1.obj
         Debug\Source2.obj
         Debug\Source3.obj
         Debug\Source4.obj
         Debug\Source5.obj
         Debug\Source6.obj
         Debug\Source7.obj
         Project4.vcxproj -> C:\Users\Anik_Islam0\documents\visual studio 2013\Projects\Project4\Debug\Project4.exe
     1>Done Building Project "C:\Users\Anik_Islam0\documents\visual studio 2013\Projects\Project4\Project4\Project4.vcxproj" (Build target(s)).

Build succeeded.

Time Elapsed 00:00:00.46
