Build started 1/1/2019 11:45:29 AM.
     1>Project "c:\Users\anik islam\documents\visual studio 2013\Projects\Algo_lab_assignment\Algo_lab_assignment\Algo_lab_assignment.vcxproj" on node 2 (Build target(s)).
     1>ClCompile:
         E:\Local Disk C\Microsoft Visual Studio 12.0\VC\bin\CL.exe /c /ZI /nologo /W3 /WX- /sdl /Od /Oy- /D _MBCS /Gm /EHsc /RTC1 /MDd /GS /fp:precise /Zc:wchar_t /Zc:forScope /Fo"Debug\\" /Fd"Debug\vc120.pdb" /Gd /TP /analyze- /errorReport:prompt dijestra.cpp
         dijestra.cpp
     1>e:\local disk c\microsoft visual studio 12.0\vc\include\xstddef(193): error C2784: 'std::_Boolarray std::operator <(const std::valarray<_Ty> &,const std::valarray<_Ty> &)' : could not deduce template argument for 'const std::valarray<_Ty> &' from 'const Edge'
                 e:\local disk c\microsoft visual studio 12.0\vc\include\valarray(829) : see declaration of 'std::operator <'
                 e:\local disk c\microsoft visual studio 12.0\vc\include\xstddef(192) : while compiling class template member function 'bool std::less<Edge>::operator ()(const _Ty &,const _Ty &) const'
                 with
                 [
                     _Ty=Edge
                 ]
                 e:\local disk c\microsoft visual studio 12.0\vc\include\xutility(521) : see reference to function template instantiation 'bool std::less<Edge>::operator ()(const _Ty &,const _Ty &) const' being compiled
                 with
                 [
                     _Ty=Edge
                 ]
                 e:\local disk c\microsoft visual studio 12.0\vc\include\queue(438) : see reference to class template instantiation 'std::less<Edge>' being compiled
                 c:\users\anik islam\documents\visual studio 2013\projects\algo_lab_assignment\algo_lab_assignment\dijestra.cpp(31) : see reference to class template instantiation 'std::priority_queue<Edge,std::vector<Edge,std::allocator<_Ty>>,std::less<_Ty>>' being compiled
                 with
                 [
                     _Ty=Edge
                 ]
     1>e:\local disk c\microsoft visual studio 12.0\vc\include\xstddef(193): error C2784: 'std::_Boolarray std::operator <(const _Ty &,const std::valarray<_Ty> &)' : could not deduce template argument for 'const std::valarray<_Ty> &' from 'const Edge'
                 e:\local disk c\microsoft visual studio 12.0\vc\include\valarray(822) : see declaration of 'std::operator <'
     1>e:\local disk c\microsoft visual studio 12.0\vc\include\xstddef(193): error C2784: 'std::_Boolarray std::operator <(const std::valarray<_Ty> &,const _Ty &)' : could not deduce template argument for 'const std::valarray<_Ty> &' from 'const Edge'
                 e:\local disk c\microsoft visual studio 12.0\vc\include\valarray(815) : see declaration of 'std::operator <'
     1>e:\local disk c\microsoft visual studio 12.0\vc\include\xstddef(193): error C2784: 'bool std::operator <(const std::stack<_Ty,_Container> &,const std::stack<_Ty,_Container> &)' : could not deduce template argument for 'const std::stack<_Ty,_Container> &' from 'const Edge'
                 e:\local disk c\microsoft visual studio 12.0\vc\include\stack(191) : see declaration of 'std::operator <'
     1>e:\local disk c\microsoft visual studio 12.0\vc\include\xstddef(193): error C2784: 'bool std::operator <(const std::queue<_Ty,_Container> &,const std::queue<_Ty,_Container> &)' : could not deduce template argument for 'const std::queue<_Ty,_Container> &' from 'const Edge'
                 e:\local disk c\microsoft visual studio 12.0\vc\include\queue(203) : see declaration of 'std::operator <'
     1>e:\local disk c\microsoft visual studio 12.0\vc\include\xstddef(193): error C2784: 'bool std::operator <(const std::vector<_Ty,_Alloc> &,const std::vector<_Ty,_Alloc> &)' : could not deduce template argument for 'const std::vector<_Ty,_Alloc> &' from 'const Edge'
                 e:\local disk c\microsoft visual studio 12.0\vc\include\vector(1813) : see declaration of 'std::operator <'
     1>e:\local disk c\microsoft visual studio 12.0\vc\include\xstddef(193): error C2784: 'bool std::operator <(std::nullptr_t,const std::unique_ptr<_Ty,_Dx> &)' : could not deduce template argument for 'const std::unique_ptr<_Ty,_Dx> &' from 'const Edge'
                 e:\local disk c\microsoft visual studio 12.0\vc\include\memory(1770) : see declaration of 'std::operator <'
     1>e:\local disk c\microsoft visual studio 12.0\vc\include\xstddef(193): error C2784: 'bool std::operator <(const std::unique_ptr<_Ty,_Dx> &,std::nullptr_t)' : could not deduce template argument for 'const std::unique_ptr<_Ty,_Dx> &' from 'const Edge'
                 e:\local disk c\microsoft visual studio 12.0\vc\include\memory(1761) : see declaration of 'std::operator <'
     1>e:\local disk c\microsoft visual studio 12.0\vc\include\xstddef(193): error C2784: 'bool std::operator <(const std::unique_ptr<_Ty,_Dx> &,const std::unique_ptr<_Ty2,_Dx2> &)' : could not deduce template argument for 'const std::unique_ptr<_Ty,_Dx> &' from 'const Edge'
                 e:\local disk c\microsoft visual studio 12.0\vc\include\memory(1688) : see declaration of 'std::operator <'
     1>e:\local disk c\microsoft visual studio 12.0\vc\include\xstddef(193): error C2784: 'bool std::operator <(std::nullptr_t,const std::shared_ptr<_Ty> &) throw()' : could not deduce template argument for 'const std::shared_ptr<_Ty> &' from 'const Edge'
                 e:\local disk c\microsoft visual studio 12.0\vc\include\memory(826) : see declaration of 'std::operator <'
     1>e:\local disk c\microsoft visual studio 12.0\vc\include\xstddef(193): error C2784: 'bool std::operator <(const std::shared_ptr<_Ty> &,std::nullptr_t) throw()' : could not deduce template argument for 'const std::shared_ptr<_Ty> &' from 'const Edge'
                 e:\local disk c\microsoft visual studio 12.0\vc\include\memory(819) : see declaration of 'std::operator <'
     1>e:\local disk c\microsoft visual studio 12.0\vc\include\xstddef(193): error C2784: 'bool std::operator <(const std::shared_ptr<_Ty> &,const std::shared_ptr<_Ty2> &) throw()' : could not deduce template argument for 'const std::shared_ptr<_Ty> &' from 'const Edge'
                 e:\local disk c\microsoft visual studio 12.0\vc\include\memory(758) : see declaration of 'std::operator <'
     1>e:\local disk c\microsoft visual studio 12.0\vc\include\xstddef(193): error C2784: 'bool std::operator <(const std::_Tree<_Traits> &,const std::_Tree<_Traits> &)' : could not deduce template argument for 'const std::_Tree<_Traits> &' from 'const Edge'
                 e:\local disk c\microsoft visual studio 12.0\vc\include\xtree(2259) : see declaration of 'std::operator <'
     1>e:\local disk c\microsoft visual studio 12.0\vc\include\xstddef(193): error C2784: 'bool std::operator <(const std::list<_Ty,_Alloc> &,const std::list<_Ty,_Alloc> &)' : could not deduce template argument for 'const std::list<_Ty,_Alloc> &' from 'const Edge'
                 e:\local disk c\microsoft visual studio 12.0\vc\include\list(1958) : see declaration of 'std::operator <'
     1>e:\local disk c\microsoft visual studio 12.0\vc\include\xstddef(193): error C2784: 'bool std::operator <(const std::tuple<_Types...> &,const std::tuple<_Types1...> &)' : could not deduce template argument for 'const std::tuple<_Types...> &' from 'const Edge'
                 e:\local disk c\microsoft visual studio 12.0\vc\include\tuple(480) : see declaration of 'std::operator <'
     1>e:\local disk c\microsoft visual studio 12.0\vc\include\xstddef(193): error C2784: 'bool std::operator <(const std::deque<_Ty,_Alloc> &,const std::deque<_Ty,_Alloc> &)' : could not deduce template argument for 'const std::deque<_Ty,_Alloc> &' from 'const Edge'
                 e:\local disk c\microsoft visual studio 12.0\vc\include\deque(1899) : see declaration of 'std::operator <'
     1>e:\local disk c\microsoft visual studio 12.0\vc\include\xstddef(193): error C2784: 'bool std::operator <(const std::basic_string<_Elem,_Traits,_Alloc> &,const _Elem *)' : could not deduce template argument for 'const std::basic_string<_Elem,_Traits,_Alloc> &' from 'const Edge'
                 e:\local disk c\microsoft visual studio 12.0\vc\include\xstring(2545) : see declaration of 'std::operator <'
     1>e:\local disk c\microsoft visual studio 12.0\vc\include\xstddef(193): error C2784: 'bool std::operator <(const _Elem *,const std::basic_string<_Elem,_Traits,_Alloc> &)' : could not deduce template argument for 'const _Elem *' from 'const Edge'
                 e:\local disk c\microsoft visual studio 12.0\vc\include\xstring(2535) : see declaration of 'std::operator <'
     1>e:\local disk c\microsoft visual studio 12.0\vc\include\xstddef(193): error C2784: 'bool std::operator <(const std::basic_string<_Elem,_Traits,_Alloc> &,const std::basic_string<_Elem,_Traits,_Alloc> &)' : could not deduce template argument for 'const std::basic_string<_Elem,_Traits,_Alloc> &' from 'const Edge'
                 e:\local disk c\microsoft visual studio 12.0\vc\include\xstring(2525) : see declaration of 'std::operator <'
     1>e:\local disk c\microsoft visual studio 12.0\vc\include\xstddef(193): error C2784: 'bool std::operator <(const std::move_iterator<_RanIt> &,const std::move_iterator<_RanIt2> &)' : could not deduce template argument for 'const std::move_iterator<_RanIt> &' from 'const Edge'
                 e:\local disk c\microsoft visual studio 12.0\vc\include\xutility(1997) : see declaration of 'std::operator <'
     1>e:\local disk c\microsoft visual studio 12.0\vc\include\xstddef(193): error C2784: 'bool std::operator <(const std::reverse_iterator<_RanIt> &,const std::reverse_iterator<_RanIt2> &)' : could not deduce template argument for 'const std::reverse_iterator<_RanIt> &' from 'const Edge'
                 e:\local disk c\microsoft visual studio 12.0\vc\include\xutility(1155) : see declaration of 'std::operator <'
     1>e:\local disk c\microsoft visual studio 12.0\vc\include\xstddef(193): error C2784: 'bool std::operator <(const std::_Revranit<_RanIt,_Base> &,const std::_Revranit<_RanIt2,_Base2> &)' : could not deduce template argument for 'const std::_Revranit<_RanIt,_Base> &' from 'const Edge'
                 e:\local disk c\microsoft visual studio 12.0\vc\include\xutility(971) : see declaration of 'std::operator <'
     1>e:\local disk c\microsoft visual studio 12.0\vc\include\xstddef(193): error C2784: 'bool std::operator <(const std::pair<_Ty1,_Ty2> &,const std::pair<_Ty1,_Ty2> &)' : could not deduce template argument for 'const std::pair<_Ty1,_Ty2> &' from 'const Edge'
                 e:\local disk c\microsoft visual studio 12.0\vc\include\utility(230) : see declaration of 'std::operator <'
     1>e:\local disk c\microsoft visual studio 12.0\vc\include\xstddef(193): error C2676: binary '<' : 'const Edge' does not define this operator or a conversion to a type acceptable to the predefined operator
     1>Done Building Project "c:\Users\anik islam\documents\visual studio 2013\Projects\Algo_lab_assignment\Algo_lab_assignment\Algo_lab_assignment.vcxproj" (Build target(s)) -- FAILED.

Build FAILED.

Time Elapsed 00:00:00.88
